{"numTotalTestSuites":9,"numPassedTestSuites":9,"numFailedTestSuites":0,"numPendingTestSuites":0,"numTotalTests":35,"numPassedTests":35,"numFailedTests":0,"numPendingTests":0,"numTodoTests":0,"snapshot":{"added":0,"failure":false,"filesAdded":0,"filesRemoved":0,"filesRemovedList":[],"filesUnmatched":0,"filesUpdated":0,"matched":0,"total":0,"unchecked":0,"uncheckedKeysByFile":[],"unmatched":0,"updated":0,"didUpdate":false},"startTime":1788468420756,"success":true,"testResults":[{"assertionResults":[{"ancestorTitles":["v2 legacy session fixtures"],"fullName":"v2 legacy session fixtures inventories every fixture file in the manifest without secrets or user data","status":"passed","title":"inventories every fixture file in the manifest without secrets or user data","duration":13.937874999999991,"failureMessages":[],"meta":{},"tags":[]},{"ancestorTitles":["v2 legacy session fixtures"],"fullName":"v2 legacy session fixtures seeds the fixture root with only the fixture files","status":"passed","title":"seeds the fixture root with only the fixture files","duration":7.562083000000001,"failureMessages":[],"meta":{},"tags":[]},{"ancestorTitles":["typed lazy access (inspect)"],"fullName":"typed lazy access (inspect) returns the expected typed state for every fixture without throwing on record content","status":"passed","title":"returns the expected typed state for every fixture without throwing on record content","duration":14.984999999999985,"failureMessages":[],"meta":{},"tags":[]},{"ancestorTitles":["typed lazy access (inspect)"],"fullName":"typed lazy access (inspect) is idempotent: a second access of an already materialized record writes nothing","status":"passed","title":"is idempotent: a second access of an already materialized record writes nothing","duration":10.597125000000005,"failureMessages":[],"meta":{},"tags":[]},{"ancestorTitles":["list"],"fullName":"list reports unreadable records as typed failures instead of skipping them and leaves legacy bytes intact","status":"passed","title":"reports unreadable records as typed failures instead of skipping them and leaves legacy bytes intact","duration":17.745000000000005,"failureMessages":[],"meta":{},"tags":[]},{"ancestorTitles":["list"],"fullName":"list does not materialize records bound to another project root","status":"passed","title":"does not materialize records bound to another project root","duration":7.642041000000006,"failureMessages":[],"meta":{},"tags":[]},{"ancestorTitles":["list"],"fullName":"list is idempotent across repeated listings","status":"passed","title":"is idempotent across repeated listings","duration":9.408541999999983,"failureMessages":[],"meta":{},"tags":[]},{"ancestorTitles":["resume and getById"],"fullName":"resume and getById opens a readable legacy record lazily and writes only into the canonical folder","status":"passed","title":"opens a readable legacy record lazily and writes only into the canonical folder","duration":7.815833999999995,"failureMessages":[],"meta":{},"tags":[]},{"ancestorTitles":["resume and getById"],"fullName":"resume and getById rejects sess_v2_malformed_truncated with a typed malformed error and leaves every byte untouched","status":"passed","title":"rejects sess_v2_malformed_truncated with a typed malformed error and leaves every byte untouched","duration":6.819833000000017,"failureMessages":[],"meta":{},"tags":[]},{"ancestorTitles":["resume and getById"],"fullName":"resume and getById rejects sess_v2_unsupported_version with a typed unsupportedVersion error and leaves every byte untouched","status":"passed","title":"rejects sess_v2_unsupported_version with a typed unsupportedVersion error and leaves every byte untouched","duration":6.832583999999997,"failureMessages":[],"meta":{},"tags":[]},{"ancestorTitles":["resume and getById"],"fullName":"resume and getById rejects sess_v2_missing_version_fields with a typed unsupportedVersion error and leaves every byte untouched","status":"passed","title":"rejects sess_v2_missing_version_fields with a typed unsupportedVersion error and leaves every byte untouched","duration":7.183832999999993,"failureMessages":[],"meta":{},"tags":[]},{"ancestorTitles":["resume and getById"],"fullName":"resume and getById keeps SESSION_NOT_FOUND 404 for an absent session","status":"passed","title":"keeps SESSION_NOT_FOUND 404 for an absent session","duration":5.011916999999983,"failureMessages":[],"meta":{},"tags":[]},{"ancestorTitles":["resume and getById"],"fullName":"resume and getById prefers the canonical duplicate, preserves legacy-only fields, and materializes them into the canonical folder only","status":"passed","title":"prefers the canonical duplicate, preserves legacy-only fields, and materializes them into the canonical folder only","duration":7.2275000000000205,"failureMessages":[],"meta":{},"tags":[]},{"ancestorTitles":["resume and getById"],"fullName":"resume and getById fails closed on a corrupt canonical record and never overwrites it from the legacy sibling","status":"passed","title":"fails closed on a corrupt canonical record and never overwrites it from the legacy sibling","duration":7.51849999999996,"failureMessages":[],"meta":{},"tags":[]},{"ancestorTitles":["resume and getById"],"fullName":"resume and getById reports an unreadable legacy sibling beside a readable canonical record without failing the session","status":"passed","title":"reports an unreadable legacy sibling beside a readable canonical record without failing the session","duration":7.12908299999998,"failureMessages":[],"meta":{},"tags":[]},{"ancestorTitles":["save"],"fullName":"save writes only the canonical folder and leaves the legacy flat file byte-identical","status":"passed","title":"writes only the canonical folder and leaves the legacy flat file byte-identical","duration":7.227458000000013,"failureMessages":[],"meta":{},"tags":[]},{"ancestorTitles":["delete"],"fullName":"delete removes the deleted session in both shapes and leaves every other legacy record byte-identical","status":"passed","title":"removes the deleted session in both shapes and leaves every other legacy record byte-identical","duration":10.234959000000003,"failureMessages":[],"meta":{},"tags":[]},{"ancestorTitles":["delete"],"fullName":"delete refuses to delete a record it cannot open and leaves its bytes untouched","status":"passed","title":"refuses to delete a record it cannot open and leaves its bytes untouched","duration":6.990958999999975,"failureMessages":[],"meta":{},"tags":[]}],"startTime":1788468420945,"endTime":1788468421107.991,"status":"passed","message":"","name":"{REPO_ROOT}/projects/chirality-app-dev/frontend/src/__tests__/lib/session-manager-v2-legacy-access.test.ts"},{"assertionResults":[{"ancestorTitles":["FileSessionManager canonical session storage"],"fullName":"FileSessionManager canonical session storage creates new sessions as canonical folder records without writing legacy flat files","status":"passed","title":"creates new sessions as canonical folder records without writing legacy flat files","duration":7.352624999999989,"failureMessages":[],"meta":{},"tags":[]},{"ancestorTitles":["FileSessionManager canonical session storage"],"fullName":"FileSessionManager canonical session storage rejects an unsafe session ID before resolving paths: empty","status":"passed","title":"rejects an unsafe session ID before resolving paths: empty","duration":2.7186670000000106,"failureMessages":[],"meta":{},"tags":[]},{"ancestorTitles":["FileSessionManager canonical session storage"],"fullName":"FileSessionManager canonical session storage rejects an unsafe session ID before resolving paths: whitespace-only","status":"passed","title":"rejects an unsafe session ID before resolving paths: whitespace-only","duration":2.2123750000000086,"failureMessages":[],"meta":{},"tags":[]},{"ancestorTitles":["FileSessionManager canonical session storage"],"fullName":"FileSessionManager canonical session storage rejects an unsafe session ID before resolving paths: dot segment","status":"passed","title":"rejects an unsafe session ID before resolving paths: dot segment","duration":2.2700000000000102,"failureMessages":[],"meta":{},"tags":[]},{"ancestorTitles":["FileSessionManager canonical session storage"],"fullName":"FileSessionManager canonical session storage rejects an unsafe session ID before resolving paths: parent segment","status":"passed","title":"rejects an unsafe session ID before resolving paths: parent segment","duration":2.1045000000000016,"failureMessages":[],"meta":{},"tags":[]},{"ancestorTitles":["FileSessionManager canonical session storage"],"fullName":"FileSessionManager canonical session storage rejects an unsafe session ID before resolving paths: forward-slash traversal","status":"passed","title":"rejects an unsafe session ID before resolving paths: forward-slash traversal","duration":1.947624999999988,"failureMessages":[],"meta":{},"tags":[]},{"ancestorTitles":["FileSessionManager canonical session storage"],"fullName":"FileSessionManager canonical session storage rejects an unsafe session ID before resolving paths: forward-slash nesting","status":"passed","title":"rejects an unsafe session ID before resolving paths: forward-slash nesting","duration":2.2478329999999858,"failureMessages":[],"meta":{},"tags":[]},{"ancestorTitles":["FileSessionManager canonical session storage"],"fullName":"FileSessionManager canonical session storage rejects an unsafe session ID before resolving paths: backslash traversal","status":"passed","title":"rejects an unsafe session ID before resolving paths: backslash traversal","duration":2.2282500000000027,"failureMessages":[],"meta":{},"tags":[]},{"ancestorTitles":["FileSessionManager canonical session storage"],"fullName":"FileSessionManager canonical session storage rejects an unsafe session ID before resolving paths: backslash nesting","status":"passed","title":"rejects an unsafe session ID before resolving paths: backslash nesting","duration":2.787125000000003,"failureMessages":[],"meta":{},"tags":[]},{"ancestorTitles":["FileSessionManager canonical session storage"],"fullName":"FileSessionManager canonical session storage opens ambiguous legacy stub records without pinning them to Anthropic or touching the flat file","status":"passed","title":"opens ambiguous legacy stub records without pinning them to Anthropic or touching the flat file","duration":3.8706669999999974,"failureMessages":[],"meta":{},"tags":[]},{"ancestorTitles":["FileSessionManager canonical session storage"],"fullName":"FileSessionManager canonical session storage migrates a legacy direct-Anthropic record when package attribution is explicit","status":"passed","title":"migrates a legacy direct-Anthropic record when package attribution is explicit","duration":2.6114169999999888,"failureMessages":[],"meta":{},"tags":[]},{"ancestorTitles":["FileSessionManager canonical session storage"],"fullName":"FileSessionManager canonical session storage does not treat the SDK version once dual-written by stub boot as Claude attribution","status":"passed","title":"does not treat the SDK version once dual-written by stub boot as Claude attribution","duration":2.3726249999999993,"failureMessages":[],"meta":{},"tags":[]},{"ancestorTitles":["FileSessionManager canonical session storage"],"fullName":"FileSessionManager canonical session storage migrates SDK-specific legacy linkage to the Claude Agent SDK adapter","status":"passed","title":"migrates SDK-specific legacy linkage to the Claude Agent SDK adapter","duration":2.9668749999999875,"failureMessages":[],"meta":{},"tags":[]},{"ancestorTitles":["FileSessionManager canonical session storage"],"fullName":"FileSessionManager canonical session storage resolves duplicate canonical and flat records with canonical precedence, no legacy field loss, and no flat-file removal","status":"passed","title":"resolves duplicate canonical and flat records with canonical precedence, no legacy field loss, and no flat-file removal","duration":3.1212079999999958,"failureMessages":[],"meta":{},"tags":[]},{"ancestorTitles":["FileSessionManager canonical session storage"],"fullName":"FileSessionManager canonical session storage materializes canonical records during list traversal without touching the legacy file","status":"passed","title":"materializes canonical records during list traversal without touching the legacy file","duration":3.2067080000000203,"failureMessages":[],"meta":{},"tags":[]},{"ancestorTitles":["FileSessionManager canonical session storage"],"fullName":"FileSessionManager canonical session storage canonicalizes legacy records before saving updates and leaves the flat file byte-identical","status":"passed","title":"canonicalizes legacy records before saving updates and leaves the flat file byte-identical","duration":3.413415999999984,"failureMessages":[],"meta":{},"tags":[]},{"ancestorTitles":["FileSessionManager canonical session storage"],"fullName":"FileSessionManager canonical session storage removes canonical folders and stray flat files when deleting a session","status":"passed","title":"removes canonical folders and stray flat files when deleting a session","duration":2.955124999999981,"failureMessages":[],"meta":{},"tags":[]}],"startTime":1788468420945,"endTime":1788468420995.955,"status":"passed","message":"","name":"{REPO_ROOT}/projects/chirality-app-dev/frontend/src/__tests__/lib/session-manager.test.ts"}]}