{"numTotalTestSuites":9,"numPassedTestSuites":9,"numFailedTestSuites":0,"numPendingTestSuites":0,"numTotalTests":38,"numPassedTests":38,"numFailedTests":0,"numPendingTests":0,"numTodoTests":0,"snapshot":{"added":0,"failure":false,"filesAdded":0,"filesRemoved":0,"filesRemovedList":[],"filesUnmatched":0,"filesUpdated":0,"matched":0,"total":0,"unchecked":0,"uncheckedKeysByFile":[],"unmatched":0,"updated":0,"didUpdate":false},"startTime":1788470913155,"success":true,"testResults":[{"assertionResults":[{"ancestorTitles":["v2 legacy session fixtures"],"fullName":"v2 legacy session fixtures inventories every fixture file in the manifest without secrets or user data","status":"passed","title":"inventories every fixture file in the manifest without secrets or user data","duration":11.789665999999997,"failureMessages":[],"meta":{},"tags":[]},{"ancestorTitles":["v2 legacy session fixtures"],"fullName":"v2 legacy session fixtures seeds the fixture root with only the fixture files","status":"passed","title":"seeds the fixture root with only the fixture files","duration":6.074417000000011,"failureMessages":[],"meta":{},"tags":[]},{"ancestorTitles":["typed lazy access (inspect)"],"fullName":"typed lazy access (inspect) returns the expected typed state for every fixture without throwing on record content","status":"passed","title":"returns the expected typed state for every fixture without throwing on record content","duration":11.890040999999997,"failureMessages":[],"meta":{},"tags":[]},{"ancestorTitles":["typed lazy access (inspect)"],"fullName":"typed lazy access (inspect) is idempotent: a second access of an already materialized record writes nothing","status":"passed","title":"is idempotent: a second access of an already materialized record writes nothing","duration":8.407749999999993,"failureMessages":[],"meta":{},"tags":[]},{"ancestorTitles":["list"],"fullName":"list reports unreadable records as typed failures instead of skipping them and leaves legacy bytes intact","status":"passed","title":"reports unreadable records as typed failures instead of skipping them and leaves legacy bytes intact","duration":15.670834000000013,"failureMessages":[],"meta":{},"tags":[]},{"ancestorTitles":["list"],"fullName":"list does not materialize records bound to another project root","status":"passed","title":"does not materialize records bound to another project root","duration":6.221915999999993,"failureMessages":[],"meta":{},"tags":[]},{"ancestorTitles":["list"],"fullName":"list is idempotent across repeated listings","status":"passed","title":"is idempotent across repeated listings","duration":8.291584,"failureMessages":[],"meta":{},"tags":[]},{"ancestorTitles":["list"],"fullName":"list never aborts on a sibling whose materialization fails: lists it unmaterialized with a diagnostic","status":"passed","title":"never aborts on a sibling whose materialization fails: lists it unmaterialized with a diagnostic","duration":8.443916000000002,"failureMessages":[],"meta":{},"tags":[]},{"ancestorTitles":["resume and getById"],"fullName":"resume and getById opens a readable legacy record lazily and writes only into the canonical folder","status":"passed","title":"opens a readable legacy record lazily and writes only into the canonical folder","duration":6.103208999999993,"failureMessages":[],"meta":{},"tags":[]},{"ancestorTitles":["resume and getById"],"fullName":"resume and getById rejects sess_v2_malformed_truncated with a typed malformed error and leaves every byte untouched","status":"passed","title":"rejects sess_v2_malformed_truncated with a typed malformed error and leaves every byte untouched","duration":5.559333000000009,"failureMessages":[],"meta":{},"tags":[]},{"ancestorTitles":["resume and getById"],"fullName":"resume and getById rejects sess_v2_unsupported_version with a typed unsupportedVersion error and leaves every byte untouched","status":"passed","title":"rejects sess_v2_unsupported_version with a typed unsupportedVersion error and leaves every byte untouched","duration":5.463374999999985,"failureMessages":[],"meta":{},"tags":[]},{"ancestorTitles":["resume and getById"],"fullName":"resume and getById rejects sess_v2_missing_version_fields with a typed unsupportedVersion error and leaves every byte untouched","status":"passed","title":"rejects sess_v2_missing_version_fields with a typed unsupportedVersion error and leaves every byte untouched","duration":5.150166999999982,"failureMessages":[],"meta":{},"tags":[]},{"ancestorTitles":["resume and getById"],"fullName":"resume and getById keeps SESSION_NOT_FOUND 404 for an absent session","status":"passed","title":"keeps SESSION_NOT_FOUND 404 for an absent session","duration":4.457875000000001,"failureMessages":[],"meta":{},"tags":[]},{"ancestorTitles":["resume and getById"],"fullName":"resume and getById prefers the canonical duplicate, preserves legacy-only fields, and materializes them into the canonical folder only","status":"passed","title":"prefers the canonical duplicate, preserves legacy-only fields, and materializes them into the canonical folder only","duration":6.2835839999999905,"failureMessages":[],"meta":{},"tags":[]},{"ancestorTitles":["resume and getById"],"fullName":"resume and getById does not resurrect a legacy-only field removed from the canonical record once the legacy source is consumed","status":"passed","title":"does not resurrect a legacy-only field removed from the canonical record once the legacy source is consumed","duration":8.052375000000012,"failureMessages":[],"meta":{},"tags":[]},{"ancestorTitles":["resume and getById"],"fullName":"resume and getById ignores a legacy flat record edited after it was consumed and reports a legacySourceChanged diagnostic","status":"passed","title":"ignores a legacy flat record edited after it was consumed and reports a legacySourceChanged diagnostic","duration":7.068792000000002,"failureMessages":[],"meta":{},"tags":[]},{"ancestorTitles":["resume and getById"],"fullName":"resume and getById fails closed on a corrupt canonical record and never overwrites it from the legacy sibling","status":"passed","title":"fails closed on a corrupt canonical record and never overwrites it from the legacy sibling","duration":6.386375000000015,"failureMessages":[],"meta":{},"tags":[]},{"ancestorTitles":["resume and getById"],"fullName":"resume and getById reports an unreadable legacy sibling beside a readable canonical record without failing the session","status":"passed","title":"reports an unreadable legacy sibling beside a readable canonical record without failing the session","duration":5.607792000000018,"failureMessages":[],"meta":{},"tags":[]},{"ancestorTitles":["save"],"fullName":"save writes only the canonical folder and leaves the legacy flat file byte-identical","status":"passed","title":"writes only the canonical folder and leaves the legacy flat file byte-identical","duration":5.4524169999999685,"failureMessages":[],"meta":{},"tags":[]},{"ancestorTitles":["delete"],"fullName":"delete removes the deleted session in both shapes and leaves every other legacy record byte-identical","status":"passed","title":"removes the deleted session in both shapes and leaves every other legacy record byte-identical","duration":7.418042000000014,"failureMessages":[],"meta":{},"tags":[]},{"ancestorTitles":["delete"],"fullName":"delete refuses to delete a record it cannot open and leaves its bytes untouched","status":"passed","title":"refuses to delete a record it cannot open and leaves its bytes untouched","duration":5.608499999999992,"failureMessages":[],"meta":{},"tags":[]}],"startTime":1788470913302,"endTime":1788470913457.6084,"status":"passed","message":"","name":"{REPO_ROOT}/projects/chirality-app-dev/frontend/src/__tests__/lib/session-manager-v2-legacy-access.test.ts"},{"assertionResults":[{"ancestorTitles":["FileSessionManager canonical session storage"],"fullName":"FileSessionManager canonical session storage creates new sessions as canonical folder records without writing legacy flat files","status":"passed","title":"creates new sessions as canonical folder records without writing legacy flat files","duration":7.702167000000003,"failureMessages":[],"meta":{},"tags":[]},{"ancestorTitles":["FileSessionManager canonical session storage"],"fullName":"FileSessionManager canonical session storage rejects an unsafe session ID before resolving paths: empty","status":"passed","title":"rejects an unsafe session ID before resolving paths: empty","duration":2.6629159999999956,"failureMessages":[],"meta":{},"tags":[]},{"ancestorTitles":["FileSessionManager canonical session storage"],"fullName":"FileSessionManager canonical session storage rejects an unsafe session ID before resolving paths: whitespace-only","status":"passed","title":"rejects an unsafe session ID before resolving paths: whitespace-only","duration":2.3046249999999873,"failureMessages":[],"meta":{},"tags":[]},{"ancestorTitles":["FileSessionManager canonical session storage"],"fullName":"FileSessionManager canonical session storage rejects an unsafe session ID before resolving paths: dot segment","status":"passed","title":"rejects an unsafe session ID before resolving paths: dot segment","duration":1.6446659999999724,"failureMessages":[],"meta":{},"tags":[]},{"ancestorTitles":["FileSessionManager canonical session storage"],"fullName":"FileSessionManager canonical session storage rejects an unsafe session ID before resolving paths: parent segment","status":"passed","title":"rejects an unsafe session ID before resolving paths: parent segment","duration":1.5902910000000077,"failureMessages":[],"meta":{},"tags":[]},{"ancestorTitles":["FileSessionManager canonical session storage"],"fullName":"FileSessionManager canonical session storage rejects an unsafe session ID before resolving paths: forward-slash traversal","status":"passed","title":"rejects an unsafe session ID before resolving paths: forward-slash traversal","duration":1.4506250000000023,"failureMessages":[],"meta":{},"tags":[]},{"ancestorTitles":["FileSessionManager canonical session storage"],"fullName":"FileSessionManager canonical session storage rejects an unsafe session ID before resolving paths: forward-slash nesting","status":"passed","title":"rejects an unsafe session ID before resolving paths: forward-slash nesting","duration":1.9814580000000035,"failureMessages":[],"meta":{},"tags":[]},{"ancestorTitles":["FileSessionManager canonical session storage"],"fullName":"FileSessionManager canonical session storage rejects an unsafe session ID before resolving paths: backslash traversal","status":"passed","title":"rejects an unsafe session ID before resolving paths: backslash traversal","duration":1.707334000000003,"failureMessages":[],"meta":{},"tags":[]},{"ancestorTitles":["FileSessionManager canonical session storage"],"fullName":"FileSessionManager canonical session storage rejects an unsafe session ID before resolving paths: backslash nesting","status":"passed","title":"rejects an unsafe session ID before resolving paths: backslash nesting","duration":1.5699579999999855,"failureMessages":[],"meta":{},"tags":[]},{"ancestorTitles":["FileSessionManager canonical session storage"],"fullName":"FileSessionManager canonical session storage opens ambiguous legacy stub records without pinning them to Anthropic or touching the flat file","status":"passed","title":"opens ambiguous legacy stub records without pinning them to Anthropic or touching the flat file","duration":2.6336670000000026,"failureMessages":[],"meta":{},"tags":[]},{"ancestorTitles":["FileSessionManager canonical session storage"],"fullName":"FileSessionManager canonical session storage migrates a legacy direct-Anthropic record when package attribution is explicit","status":"passed","title":"migrates a legacy direct-Anthropic record when package attribution is explicit","duration":2.016083999999978,"failureMessages":[],"meta":{},"tags":[]},{"ancestorTitles":["FileSessionManager canonical session storage"],"fullName":"FileSessionManager canonical session storage does not treat the SDK version once dual-written by stub boot as Claude attribution","status":"passed","title":"does not treat the SDK version once dual-written by stub boot as Claude attribution","duration":2.085791999999998,"failureMessages":[],"meta":{},"tags":[]},{"ancestorTitles":["FileSessionManager canonical session storage"],"fullName":"FileSessionManager canonical session storage migrates SDK-specific legacy linkage to the Claude Agent SDK adapter","status":"passed","title":"migrates SDK-specific legacy linkage to the Claude Agent SDK adapter","duration":1.9702920000000006,"failureMessages":[],"meta":{},"tags":[]},{"ancestorTitles":["FileSessionManager canonical session storage"],"fullName":"FileSessionManager canonical session storage resolves duplicate canonical and flat records with canonical precedence, no legacy field loss, and no flat-file removal","status":"passed","title":"resolves duplicate canonical and flat records with canonical precedence, no legacy field loss, and no flat-file removal","duration":2.4234170000000006,"failureMessages":[],"meta":{},"tags":[]},{"ancestorTitles":["FileSessionManager canonical session storage"],"fullName":"FileSessionManager canonical session storage materializes canonical records during list traversal without touching the legacy file","status":"passed","title":"materializes canonical records during list traversal without touching the legacy file","duration":2.4172499999999957,"failureMessages":[],"meta":{},"tags":[]},{"ancestorTitles":["FileSessionManager canonical session storage"],"fullName":"FileSessionManager canonical session storage canonicalizes legacy records before saving updates and leaves the flat file byte-identical","status":"passed","title":"canonicalizes legacy records before saving updates and leaves the flat file byte-identical","duration":2.5176250000000095,"failureMessages":[],"meta":{},"tags":[]},{"ancestorTitles":["FileSessionManager canonical session storage"],"fullName":"FileSessionManager canonical session storage removes canonical folders and stray flat files when deleting a session","status":"passed","title":"removes canonical folders and stray flat files when deleting a session","duration":2.4289590000000203,"failureMessages":[],"meta":{},"tags":[]}],"startTime":1788470913302,"endTime":1788470913343.429,"status":"passed","message":"","name":"{REPO_ROOT}/projects/chirality-app-dev/frontend/src/__tests__/lib/session-manager.test.ts"}]}