{"numTotalTestSuites":14,"numPassedTestSuites":14,"numFailedTestSuites":0,"numPendingTestSuites":0,"numTotalTests":65,"numPassedTests":65,"numFailedTests":0,"numPendingTests":0,"numTodoTests":0,"snapshot":{"added":0,"failure":false,"filesAdded":0,"filesRemoved":0,"filesRemovedList":[],"filesUnmatched":0,"filesUpdated":0,"matched":0,"total":0,"unchecked":0,"uncheckedKeysByFile":[],"unmatched":0,"updated":0,"didUpdate":false},"startTime":1788485571841,"success":true,"testResults":[{"assertionResults":[{"ancestorTitles":["AccountConsentSettingsView fixtures (D-APP-36 render bar)"],"fullName":"AccountConsentSettingsView fixtures (D-APP-36 render bar) renders every fixture with the Opt-in Preview label, the per-root and private-home explanations, and no secret","status":"passed","title":"renders every fixture with the Opt-in Preview label, the per-root and private-home explanations, and no secret","duration":8.908916000000005,"failureMessages":[],"meta":{},"tags":[]},{"ancestorTitles":["AccountConsentSettingsView fixtures (D-APP-36 render bar)"],"fullName":"AccountConsentSettingsView fixtures (D-APP-36 render bar) gives every fixture a distinct marker tuple (account, identity, consent, mismatch, posture, role, enforcement, prompt, acceptance, rate limit, approvals)","status":"passed","title":"gives every fixture a distinct marker tuple (account, identity, consent, mismatch, posture, role, enforcement, prompt, acceptance, rate limit, approvals)","duration":2.3710829999999987,"failureMessages":[],"meta":{},"tags":[]},{"ancestorTitles":["AccountConsentSettingsView fixtures (D-APP-36 render bar)"],"fullName":"AccountConsentSettingsView fixtures (D-APP-36 render bar) not connected: explanations only, no account claim, no controls","status":"passed","title":"not connected: explanations only, no account claim, no controls","duration":0.47937499999999034,"failureMessages":[],"meta":{},"tags":[]},{"ancestorTitles":["AccountConsentSettingsView fixtures (D-APP-36 render bar)"],"fullName":"AccountConsentSettingsView fixtures (D-APP-36 render bar) loggedOutDefault: sign-in offered, consent and network gated, posture off, private home absent","status":"passed","title":"loggedOutDefault: sign-in offered, consent and network gated, posture off, private home absent","duration":0.5140839999999969,"failureMessages":[],"meta":{},"tags":[]},{"ancestorTitles":["AccountConsentSettingsView fixtures (D-APP-36 render bar)"],"fullName":"AccountConsentSettingsView fixtures (D-APP-36 render bar) loggedInNotGranted: shows the digest suffix only, offers sign-out and grant, keeps network gated","status":"passed","title":"loggedInNotGranted: shows the digest suffix only, offers sign-out and grant, keeps network gated","duration":0.2618750000000034,"failureMessages":[],"meta":{},"tags":[]},{"ancestorTitles":["AccountConsentSettingsView fixtures (D-APP-36 render bar)"],"fullName":"AccountConsentSettingsView fixtures (D-APP-36 render bar) grantedNetworkOff: consent granted with generation, revoke offered, network enabled and off by default","status":"passed","title":"grantedNetworkOff: consent granted with generation, revoke offered, network enabled and off by default","duration":0.3037080000000003,"failureMessages":[],"meta":{},"tags":[]},{"ancestorTitles":["AccountConsentSettingsView fixtures (D-APP-36 render bar)"],"fullName":"AccountConsentSettingsView fixtures (D-APP-36 render bar) askPerDestinationPending: prompt shows host, protocol, port, the queued-request caveat, and the three decisions","status":"passed","title":"askPerDestinationPending: prompt shows host, protocol, port, the queued-request caveat, and the three decisions","duration":0.2852919999999983,"failureMessages":[],"meta":{},"tags":[]},{"ancestorTitles":["AccountConsentSettingsView fixtures (D-APP-36 render bar)"],"fullName":"AccountConsentSettingsView fixtures (D-APP-36 render bar) askPerDestinationSessionAccepted: lists the explicitly accepted destination and shows no prompt","status":"passed","title":"askPerDestinationSessionAccepted: lists the explicitly accepted destination and shows no prompt","duration":0.16458399999999074,"failureMessages":[],"meta":{},"tags":[]},{"ancestorTitles":["AccountConsentSettingsView fixtures (D-APP-36 render bar)"],"fullName":"AccountConsentSettingsView fixtures (D-APP-36 render bar) networkOn: the on posture is checked and visibly labelled with network_access = true","status":"passed","title":"networkOn: the on posture is checked and visibly labelled with network_access = true","duration":0.18120799999999804,"failureMessages":[],"meta":{},"tags":[]},{"ancestorTitles":["AccountConsentSettingsView fixtures (D-APP-36 render bar)"],"fullName":"AccountConsentSettingsView fixtures (D-APP-36 render bar) accountTransitionStale: names the account change, refuses reuse, and offers a fresh grant","status":"passed","title":"accountTransitionStale: names the account change, refuses reuse, and offers a fresh grant","duration":0.25866600000000517,"failureMessages":[],"meta":{},"tags":[]},{"ancestorTitles":["AccountConsentSettingsView fixtures (D-APP-36 render bar)"],"fullName":"AccountConsentSettingsView fixtures (D-APP-36 render bar) policyRotatedStale: names the policy change","status":"passed","title":"policyRotatedStale: names the policy change","duration":0.1298749999999984,"failureMessages":[],"meta":{},"tags":[]},{"ancestorTitles":["AccountConsentSettingsView fixtures (D-APP-36 render bar)"],"fullName":"AccountConsentSettingsView fixtures (D-APP-36 render bar) revoked: names the retired generation and the invalidated private home; grant offered, revoke not","status":"passed","title":"revoked: names the retired generation and the invalidated private home; grant offered, revoke not","duration":0.21487499999999216,"failureMessages":[],"meta":{},"tags":[]},{"ancestorTitles":["AccountConsentSettingsView fixtures (D-APP-36 render bar)"],"fullName":"AccountConsentSettingsView fixtures (D-APP-36 render bar) nullEmailEpoch: identifies the account by its volatile epoch, never an email","status":"passed","title":"nullEmailEpoch: identifies the account by its volatile epoch, never an email","duration":0.17029199999998923,"failureMessages":[],"meta":{},"tags":[]},{"ancestorTitles":["AccountConsentSettingsView fixtures (D-APP-36 render bar)"],"fullName":"AccountConsentSettingsView fixtures (D-APP-36 render bar) rateLimitedApprovalsPending: shows the rate-limit reset, its detail, the pending count, and the last decision subject only","status":"passed","title":"rateLimitedApprovalsPending: shows the rate-limit reset, its detail, the pending count, and the last decision subject only","duration":0.2120829999999927,"failureMessages":[],"meta":{},"tags":[]},{"ancestorTitles":["AccountConsentSettingsView fixtures (D-APP-36 render bar)"],"fullName":"AccountConsentSettingsView fixtures (D-APP-36 render bar) roleAgent2NotMechanicallyEnforced: Agent 2 / TASK carries the label and the instruction-asserted note","status":"passed","title":"roleAgent2NotMechanicallyEnforced: Agent 2 / TASK carries the label and the instruction-asserted note","duration":0.23720799999999542,"failureMessages":[],"meta":{},"tags":[]},{"ancestorTitles":["AccountConsentSettingsView fixtures (D-APP-36 render bar)"],"fullName":"AccountConsentSettingsView fixtures (D-APP-36 render bar) roleAgent2MechanicallyProven: same role, no label, no note","status":"passed","title":"roleAgent2MechanicallyProven: same role, no label, no note","duration":0.1561669999999964,"failureMessages":[],"meta":{},"tags":[]},{"ancestorTitles":["AccountConsentSettingsView fixtures (D-APP-36 render bar)"],"fullName":"AccountConsentSettingsView fixtures (D-APP-36 render bar) the label follows the enforcement state even when Agent 2 is not selected","status":"passed","title":"the label follows the enforcement state even when Agent 2 is not selected","duration":0.10254100000000221,"failureMessages":[],"meta":{},"tags":[]},{"ancestorTitles":["AccountConsentSettingsView fixtures (D-APP-36 render bar)"],"fullName":"AccountConsentSettingsView fixtures (D-APP-36 render bar) busy disables every control; an error renders on its own line","status":"passed","title":"busy disables every control; an error renders on its own line","duration":0.15783399999999403,"failureMessages":[],"meta":{},"tags":[]},{"ancestorTitles":["AccountConsentSettings with the fake port (explicit user acts only)"],"fullName":"AccountConsentSettings with the fake port (explicit user acts only) walks sign-in → grant → ask-per-destination → accept for session → revoke, re-rendering from the port","status":"passed","title":"walks sign-in → grant → ask-per-destination → accept for session → revoke, re-rendering from the port","duration":5.462166999999994,"failureMessages":[],"meta":{},"tags":[]},{"ancestorTitles":["AccountConsentSettings with the fake port (explicit user acts only)"],"fullName":"AccountConsentSettings with the fake port (explicit user acts only) never calls the port on mount or on a port-driven update","status":"passed","title":"never calls the port on mount or on a port-driven update","duration":0.4878749999999883,"failureMessages":[],"meta":{},"tags":[]},{"ancestorTitles":["AccountConsentSettings with the fake port (explicit user acts only)"],"fullName":"AccountConsentSettings with the fake port (explicit user acts only) selecting the on posture labels it, and choosing a role after the grant shows the consent as stale","status":"passed","title":"selecting the on posture labels it, and choosing a role after the grant shows the consent as stale","duration":0.696249999999992,"failureMessages":[],"meta":{},"tags":[]},{"ancestorTitles":["AccountConsentSettings with the fake port (explicit user acts only)"],"fullName":"AccountConsentSettings with the fake port (explicit user acts only) shows a failed act on the error line and leaves the state unchanged","status":"passed","title":"shows a failed act on the error line and leaves the state unchanged","duration":0.5857500000000044,"failureMessages":[],"meta":{},"tags":[]},{"ancestorTitles":["AccountConsentSettings with the fake port (explicit user acts only)"],"fullName":"AccountConsentSettings with the fake port (explicit user acts only) renders the not-connected state without a port and stops listening when the port goes away","status":"passed","title":"renders the not-connected state without a port and stops listening when the port goes away","duration":0.41029200000001254,"failureMessages":[],"meta":{},"tags":[]},{"ancestorTitles":["fixture snapshot type coverage"],"fullName":"fixture snapshot type coverage every fixture is a complete snapshot the view accepts without a runtime guard","status":"passed","title":"every fixture is a complete snapshot the view accepts without a runtime guard","duration":0.1758750000000049,"failureMessages":[],"meta":{},"tags":[]}],"startTime":1788485571954,"endTime":1788485571977.1758,"status":"passed","message":"","name":"{REPO_ROOT}/projects/chirality-app-dev/frontend/src/__tests__/components/account-consent-settings-states.test.ts"},{"assertionResults":[{"ancestorTitles":["AccountConsentSettings static markup"],"fullName":"AccountConsentSettings static markup server-renders the not-connected state without a port and without an account claim","status":"passed","title":"server-renders the not-connected state without a port and without an account claim","duration":2.339874999999992,"failureMessages":[],"meta":{},"tags":[]},{"ancestorTitles":["AccountConsentSettings static markup"],"fullName":"AccountConsentSettings static markup pins the verbatim G0 A8 posture label on every fixture","status":"passed","title":"pins the verbatim G0 A8 posture label on every fixture","duration":3.1622079999999926,"failureMessages":[],"meta":{},"tags":[]},{"ancestorTitles":["AccountConsentSettings static markup"],"fullName":"AccountConsentSettings static markup pins the K-NET-1 posture labels and the network_access = true label","status":"passed","title":"pins the K-NET-1 posture labels and the network_access = true label","duration":0.2182499999999976,"failureMessages":[],"meta":{},"tags":[]},{"ancestorTitles":["AccountConsentSettings static markup"],"fullName":"AccountConsentSettings static markup pins the ask-per-destination prompt copy: host, protocol, queued-request caveat, explicit acceptForSession","status":"passed","title":"pins the ask-per-destination prompt copy: host, protocol, queued-request caveat, explicit acceptForSession","duration":0.21179100000000517,"failureMessages":[],"meta":{},"tags":[]},{"ancestorTitles":["AccountConsentSettings static markup"],"fullName":"AccountConsentSettings static markup pins the verbatim K-ROLE-2 labels","status":"passed","title":"pins the verbatim K-ROLE-2 labels","duration":0.25216600000000255,"failureMessages":[],"meta":{},"tags":[]},{"ancestorTitles":["AccountConsentSettings static markup"],"fullName":"AccountConsentSettings static markup never renders an email, token, or full account digest","status":"passed","title":"never renders an email, token, or full account digest","duration":1.6431670000000054,"failureMessages":[],"meta":{},"tags":[]}],"startTime":1788485571952,"endTime":1788485571960.643,"status":"passed","message":"","name":"{REPO_ROOT}/projects/chirality-app-dev/frontend/src/__tests__/components/account-consent-settings.test.ts"},{"assertionResults":[{"ancestorTitles":["consent UX fixtures (static bytes)"],"fullName":"consent UX fixtures (static bytes) cover every consent status, every command-network posture, and both role-enforcement states","status":"passed","title":"cover every consent status, every command-network posture, and both role-enforcement states","duration":1.7459169999999915,"failureMessages":[],"meta":{},"tags":[]},{"ancestorTitles":["consent UX fixtures (static bytes)"],"fullName":"consent UX fixtures (static bytes) default to no command network and never pre-accept a destination","status":"passed","title":"default to no command network and never pre-accept a destination","duration":0.1606660000000062,"failureMessages":[],"meta":{},"tags":[]},{"ancestorTitles":["consent UX fixtures (static bytes)"],"fullName":"consent UX fixtures (static bytes) name only reserved-TLD hosts and app-owned paths","status":"passed","title":"name only reserved-TLD hosts and app-owned paths","duration":0.13604200000000333,"failureMessages":[],"meta":{},"tags":[]},{"ancestorTitles":["consent UX fixtures (static bytes)"],"fullName":"consent UX fixtures (static bytes) are handed out as deep copies","status":"passed","title":"are handed out as deep copies","duration":0.08450000000000557,"failureMessages":[],"meta":{},"tags":[]},{"ancestorTitles":["consent UX fixtures (static bytes)"],"fullName":"consent UX fixtures (static bytes) describe stale fixtures with the mismatches compareConsentScopes recomputes","status":"passed","title":"describe stale fixtures with the mismatches compareConsentScopes recomputes","duration":0.20074999999999932,"failureMessages":[],"meta":{},"tags":[]},{"ancestorTitles":["fake HostedEngineConsentPort — login, logout, and account identity"],"fullName":"fake HostedEngineConsentPort — login, logout, and account identity starts signed out with no private home, nothing granted, and no command network","status":"passed","title":"starts signed out with no private home, nothing granted, and no command network","duration":0.31508300000000133,"failureMessages":[],"meta":{},"tags":[]},{"ancestorTitles":["fake HostedEngineConsentPort — login, logout, and account identity"],"fullName":"fake HostedEngineConsentPort — login, logout, and account identity login creates the root-private app-owned home without touching ambient state; logout keeps it","status":"passed","title":"login creates the root-private app-owned home without touching ambient state; logout keeps it","duration":0.263417000000004,"failureMessages":[],"meta":{},"tags":[]},{"ancestorTitles":["fake HostedEngineConsentPort — login, logout, and account identity"],"fullName":"fake HostedEngineConsentPort — login, logout, and account identity supports an account without an email through a volatile null-email epoch","status":"passed","title":"supports an account without an email through a volatile null-email epoch","duration":0.1150000000000091,"failureMessages":[],"meta":{},"tags":[]},{"ancestorTitles":["fake HostedEngineConsentPort — login, logout, and account identity"],"fullName":"fake HostedEngineConsentPort — login, logout, and account identity hands out snapshots that cannot mutate the port","status":"passed","title":"hands out snapshots that cannot mutate the port","duration":0.14912499999999795,"failureMessages":[],"meta":{},"tags":[]},{"ancestorTitles":["fake HostedEngineConsentPort — login, logout, and account identity"],"fullName":"fake HostedEngineConsentPort — login, logout, and account identity notifies subscribers on every successful act and stops after unsubscribe","status":"passed","title":"notifies subscribers on every successful act and stops after unsubscribe","duration":0.1064580000000035,"failureMessages":[],"meta":{},"tags":[]},{"ancestorTitles":["fake HostedEngineConsentPort — consent, staleness, and revocation (K-CONSENT-1)"],"fullName":"fake HostedEngineConsentPort — consent, staleness, and revocation (K-CONSENT-1) refuses to grant consent while signed out","status":"passed","title":"refuses to grant consent while signed out","duration":0.06312499999999943,"failureMessages":[],"meta":{},"tags":[]},{"ancestorTitles":["fake HostedEngineConsentPort — consent, staleness, and revocation (K-CONSENT-1)"],"fullName":"fake HostedEngineConsentPort — consent, staleness, and revocation (K-CONSENT-1) binds a grant to the full current scope","status":"passed","title":"binds a grant to the full current scope","duration":0.12950000000000728,"failureMessages":[],"meta":{},"tags":[]},{"ancestorTitles":["fake HostedEngineConsentPort — consent, staleness, and revocation (K-CONSENT-1)"],"fullName":"fake HostedEngineConsentPort — consent, staleness, and revocation (K-CONSENT-1) turns stale on logout and stays stale when a different account signs in (A → B)","status":"passed","title":"turns stale on logout and stays stale when a different account signs in (A → B)","duration":0.16095800000000793,"failureMessages":[],"meta":{},"tags":[]},{"ancestorTitles":["fake HostedEngineConsentPort — consent, staleness, and revocation (K-CONSENT-1)"],"fullName":"fake HostedEngineConsentPort — consent, staleness, and revocation (K-CONSENT-1) does not silently revive a stale grant when the original account returns; a fresh grant is required","status":"passed","title":"does not silently revive a stale grant when the original account returns; a fresh grant is required","duration":0.11924999999999386,"failureMessages":[],"meta":{},"tags":[]},{"ancestorTitles":["fake HostedEngineConsentPort — consent, staleness, and revocation (K-CONSENT-1)"],"fullName":"fake HostedEngineConsentPort — consent, staleness, and revocation (K-CONSENT-1) turns stale when the notice/policy digest rotates or the configuration changes","status":"passed","title":"turns stale when the notice/policy digest rotates or the configuration changes","duration":0.13204100000000096,"failureMessages":[],"meta":{},"tags":[]},{"ancestorTitles":["fake HostedEngineConsentPort — consent, staleness, and revocation (K-CONSENT-1)"],"fullName":"fake HostedEngineConsentPort — consent, staleness, and revocation (K-CONSENT-1) turns stale when the selected role posture changes after the grant (K-ROLE-2 identity participation)","status":"passed","title":"turns stale when the selected role posture changes after the grant (K-ROLE-2 identity participation)","duration":0.09370799999999235,"failureMessages":[],"meta":{},"tags":[]},{"ancestorTitles":["fake HostedEngineConsentPort — consent, staleness, and revocation (K-CONSENT-1)"],"fullName":"fake HostedEngineConsentPort — consent, staleness, and revocation (K-CONSENT-1) revocation retires the generation, invalidates the private home, and drops the network posture to off","status":"passed","title":"revocation retires the generation, invalidates the private home, and drops the network posture to off","duration":0.6222079999999863,"failureMessages":[],"meta":{},"tags":[]},{"ancestorTitles":["fake HostedEngineConsentPort — consent, staleness, and revocation (K-CONSENT-1)"],"fullName":"fake HostedEngineConsentPort — consent, staleness, and revocation (K-CONSENT-1) a fresh grant after revocation binds to the new generation","status":"passed","title":"a fresh grant after revocation binds to the new generation","duration":0.0991250000000008,"failureMessages":[],"meta":{},"tags":[]},{"ancestorTitles":["fake HostedEngineConsentPort — consent, staleness, and revocation (K-CONSENT-1)"],"fullName":"fake HostedEngineConsentPort — consent, staleness, and revocation (K-CONSENT-1) can revoke a stale grant","status":"passed","title":"can revoke a stale grant","duration":0.08329200000000014,"failureMessages":[],"meta":{},"tags":[]},{"ancestorTitles":["fake HostedEngineConsentPort — admission (K-CONSENT-1)"],"fullName":"fake HostedEngineConsentPort — admission (K-CONSENT-1) denies before any grant","status":"passed","title":"denies before any grant","duration":0.0379999999999967,"failureMessages":[],"meta":{},"tags":[]},{"ancestorTitles":["fake HostedEngineConsentPort — admission (K-CONSENT-1)"],"fullName":"fake HostedEngineConsentPort — admission (K-CONSENT-1) admits a request matching the granted scope and ignores the caller-supplied cwd","status":"passed","title":"admits a request matching the granted scope and ignores the caller-supplied cwd","duration":0.07108399999999904,"failureMessages":[],"meta":{},"tags":[]},{"ancestorTitles":["fake HostedEngineConsentPort — admission (K-CONSENT-1)"],"fullName":"fake HostedEngineConsentPort — admission (K-CONSENT-1) denies a request whose canonical root differs even when its cwd matches the stored root","status":"passed","title":"denies a request whose canonical root differs even when its cwd matches the stored root","duration":0.059916999999998666,"failureMessages":[],"meta":{},"tags":[]},{"ancestorTitles":["fake HostedEngineConsentPort — admission (K-CONSENT-1)"],"fullName":"fake HostedEngineConsentPort — admission (K-CONSENT-1) denies on each validated field independently","status":"passed","title":"denies on each validated field independently","duration":0.1493329999999986,"failureMessages":[],"meta":{},"tags":[]},{"ancestorTitles":["fake HostedEngineConsentPort — command-network postures (K-NET-1)"],"fullName":"fake HostedEngineConsentPort — command-network postures (K-NET-1) cannot select a posture until consent is granted; the default stays off","status":"passed","title":"cannot select a posture until consent is granted; the default stays off","duration":0.050041999999990594,"failureMessages":[],"meta":{},"tags":[]},{"ancestorTitles":["fake HostedEngineConsentPort — command-network postures (K-NET-1)"],"fullName":"fake HostedEngineConsentPort — command-network postures (K-NET-1) rejects an unknown posture","status":"passed","title":"rejects an unknown posture","duration":0.047584000000000515,"failureMessages":[],"meta":{},"tags":[]},{"ancestorTitles":["fake HostedEngineConsentPort — command-network postures (K-NET-1)"],"fullName":"fake HostedEngineConsentPort — command-network postures (K-NET-1) offers exactly the three postures and labels the on posture with network_access = true","status":"passed","title":"offers exactly the three postures and labels the on posture with network_access = true","duration":0.11191700000000537,"failureMessages":[],"meta":{},"tags":[]},{"ancestorTitles":["fake HostedEngineConsentPort — command-network postures (K-NET-1)"],"fullName":"fake HostedEngineConsentPort — command-network postures (K-NET-1) acceptForSession happens only as an explicit act on a pending prompt","status":"passed","title":"acceptForSession happens only as an explicit act on a pending prompt","duration":0.17258400000000051,"failureMessages":[],"meta":{},"tags":[]},{"ancestorTitles":["fake HostedEngineConsentPort — command-network postures (K-NET-1)"],"fullName":"fake HostedEngineConsentPort — command-network postures (K-NET-1) allowOnce and deny resolve the prompt without a session acceptance","status":"passed","title":"allowOnce and deny resolve the prompt without a session acceptance","duration":0.1639160000000004,"failureMessages":[],"meta":{},"tags":[]},{"ancestorTitles":["fake HostedEngineConsentPort — command-network postures (K-NET-1)"],"fullName":"fake HostedEngineConsentPort — command-network postures (K-NET-1) refuses to resolve a prompt that is not pending or not under ask-per-destination","status":"passed","title":"refuses to resolve a prompt that is not pending or not under ask-per-destination","duration":0.09183400000000574,"failureMessages":[],"meta":{},"tags":[]},{"ancestorTitles":["fake HostedEngineConsentPort — command-network postures (K-NET-1)"],"fullName":"fake HostedEngineConsentPort — command-network postures (K-NET-1) leaving ask-per-destination drops the pending prompt unanswered and clears session acceptances","status":"passed","title":"leaving ask-per-destination drops the pending prompt unanswered and clears session acceptances","duration":0.116375000000005,"failureMessages":[],"meta":{},"tags":[]},{"ancestorTitles":["fake HostedEngineConsentPort — role entry (K-ROLE-2)"],"fullName":"fake HostedEngineConsentPort — role entry (K-ROLE-2) offers all four role postures and rejects an unknown one","status":"passed","title":"offers all four role postures and rejects an unknown one","duration":0.12133299999999281,"failureMessages":[],"meta":{},"tags":[]},{"ancestorTitles":["fake HostedEngineConsentPort — role entry (K-ROLE-2)"],"fullName":"fake HostedEngineConsentPort — role entry (K-ROLE-2) carries the G-ROLE enforcement state the runtime reports","status":"passed","title":"carries the G-ROLE enforcement state the runtime reports","duration":0.044959000000005744,"failureMessages":[],"meta":{},"tags":[]},{"ancestorTitles":["fake HostedEngineConsentPort — status and failure surfaces"],"fullName":"fake HostedEngineConsentPort — status and failure surfaces reports rate-limit and approval status changes","status":"passed","title":"reports rate-limit and approval status changes","duration":0.10200000000000387,"failureMessages":[],"meta":{},"tags":[]},{"ancestorTitles":["fake HostedEngineConsentPort — status and failure surfaces"],"fullName":"fake HostedEngineConsentPort — status and failure surfaces a failed act changes nothing and notifies nobody","status":"passed","title":"a failed act changes nothing and notifies nobody","duration":0.07725000000000648,"failureMessages":[],"meta":{},"tags":[]},{"ancestorTitles":["fake HostedEngineConsentPort — status and failure surfaces"],"fullName":"fake HostedEngineConsentPort — status and failure surfaces can be seeded from any fixture","status":"passed","title":"can be seeded from any fixture","duration":0.4588329999999985,"failureMessages":[],"meta":{},"tags":[]}],"startTime":1788485571952,"endTime":1788485571958.4587,"status":"passed","message":"","name":"{REPO_ROOT}/projects/chirality-app-dev/frontend/src/__tests__/lib/consent/fake-hosted-engine-consent-port.test.ts"}]}